# JRE version: Java(TM) SE Runtime Environment (8.0_65-b17) (build 1.8.0_65-b17)
# Java VM: Java HotSpot(TM) 64-Bit Server VM (25.65-b01 mixed mode bsd-amd64 compressed oops)
Heap:
 PSYoungGen      total 190464K, used 79676K [0x000000076ab00000, 0x0000000779180000, 0x00000007c0000000)
  eden space 189952K, 41% used [0x000000076ab00000,0x000000076f87f308,0x0000000776480000)
  from space 512K, 62% used [0x0000000779100000,0x0000000779150010,0x0000000779180000)
  to   space 2048K, 0% used [0x0000000778d80000,0x0000000778d80000,0x0000000778f80000)
 ParOldGen       total 75776K, used 50054K [0x00000006c0000000, 0x00000006c4a00000, 0x000000076ab00000)
  object space 75776K, 66% used [0x00000006c0000000,0x00000006c30e18d0,0x00000006c4a00000)
 Metaspace       used 32617K, capacity 33194K, committed 33536K, reserved 1079296K
  class space    used 3932K, capacity 4073K, committed 4096K, reserved 1048576K
GC Heap History (10 events):
Event: 66.708 GC heap before
{Heap before GC invocations=71 (full 1):
 PSYoungGen      total 229888K, used 229504K [0x000000076ab00000, 0x0000000779780000, 0x00000007c0000000)
  eden space 229376K, 100% used [0x000000076ab00000,0x0000000778b00000,0x0000000778b00000)
  from space 512K, 25% used [0x0000000779400000,0x0000000779420000,0x0000000779480000)
  to   space 3072K, 0% used [0x0000000779480000,0x0000000779480000,0x0000000779780000)
 ParOldGen       total 75776K, used 50038K [0x00000006c0000000, 0x00000006c4a00000, 0x000000076ab00000)
  object space 75776K, 66% used [0x00000006c0000000,0x00000006c30dd8d0,0x00000006c4a00000)
 Metaspace       used 24377K, capacity 24966K, committed 25088K, reserved 1071104K
  class space    used 2902K, capacity 3065K, committed 3072K, reserved 1048576K
Event: 66.709 GC heap after
Heap after GC invocations=71 (full 1):
 PSYoungGen      total 221184K, used 160K [0x000000076ab00000, 0x0000000779500000, 0x00000007c0000000)
  eden space 220672K, 0% used [0x000000076ab00000,0x000000076ab00000,0x0000000778280000)
  from space 512K, 31% used [0x0000000779480000,0x00000007794a8000,0x0000000779500000)
  to   space 2560K, 0% used [0x0000000779000000,0x0000000779000000,0x0000000779280000)
 ParOldGen       total 75776K, used 50046K [0x00000006c0000000, 0x00000006c4a00000, 0x000000076ab00000)
  object space 75776K, 66% used [0x00000006c0000000,0x00000006c30df8d0,0x00000006c4a00000)
 Metaspace       used 24377K, capacity 24966K, committed 25088K, reserved 1071104K
  class space    used 2902K, capacity 3065K, committed 3072K, reserved 1048576K
}
Event: 66.830 GC heap before
{Heap before GC invocations=72 (full 1):
 PSYoungGen      total 221184K, used 220832K [0x000000076ab00000, 0x0000000779500000, 0x00000007c0000000)
  eden space 220672K, 100% used [0x000000076ab00000,0x0000000778280000,0x0000000778280000)
  from space 512K, 31% used [0x0000000779480000,0x00000007794a8000,0x0000000779500000)
  to   space 2560K, 0% used [0x0000000779000000,0x0000000779000000,0x0000000779280000)
 ParOldGen       total 75776K, used 50046K [0x00000006c0000000, 0x00000006c4a00000, 0x000000076ab00000)
  object space 75776K, 66% used [0x00000006c0000000,0x00000006c30df8d0,0x00000006c4a00000)
 Metaspace       used 24377K, capacity 24966K, committed 25088K, reserved 1071104K
  class space    used 2902K, capacity 3065K, committed 3072K, reserved 1048576K
Event: 66.831 GC heap after
Heap after GC invocations=72 (full 1):
 PSYoungGen      total 215040K, used 96K [0x000000076ab00000, 0x0000000779500000, 0x00000007c0000000)
  eden space 212480K, 0% used [0x000000076ab00000,0x000000076ab00000,0x0000000777a80000)
  from space 2560K, 3% used [0x0000000779000000,0x0000000779018000,0x0000000779280000)
  to   space 2560K, 0% used [0x0000000779280000,0x0000000779280000,0x0000000779500000)
 ParOldGen       total 75776K, used 50054K [0x00000006c0000000, 0x00000006c4a00000, 0x000000076ab00000)
  object space 75776K, 66% used [0x00000006c0000000,0x00000006c30e18d0,0x00000006c4a00000)
 Metaspace       used 24377K, capacity 24966K, committed 25088K, reserved 1071104K
  class space    used 2902K, capacity 3065K, committed 3072K, reserved 1048576K
}
Event: 67.139 GC heap before
{Heap before GC invocations=73 (full 1):
 PSYoungGen      total 215040K, used 212576K [0x000000076ab00000, 0x0000000779500000, 0x00000007c0000000)
  eden space 212480K, 100% used [0x000000076ab00000,0x0000000777a80000,0x0000000777a80000)
  from space 2560K, 3% used [0x0000000779000000,0x0000000779018000,0x0000000779280000)
  to   space 2560K, 0% used [0x0000000779280000,0x0000000779280000,0x0000000779500000)
 ParOldGen       total 75776K, used 50054K [0x00000006c0000000, 0x00000006c4a00000, 0x000000076ab00000)
  object space 75776K, 66% used [0x00000006c0000000,0x00000006c30e18d0,0x00000006c4a00000)
 Metaspace       used 24377K, capacity 24966K, committed 25088K, reserved 1071104K
  class space    used 2902K, capacity 3065K, committed 3072K, reserved 1048576K
Event: 67.141 GC heap after
Heap after GC invocations=73 (full 1):
 PSYoungGen      total 205312K, used 128K [0x000000076ab00000, 0x0000000779300000, 0x00000007c0000000)
  eden space 204800K, 0% used [0x000000076ab00000,0x000000076ab00000,0x0000000777300000)
  from space 512K, 25% used [0x0000000779280000,0x00000007792a0000,0x0000000779300000)
  to   space 2560K, 0% used [0x0000000778e00000,0x0000000778e00000,0x0000000779080000)
 ParOldGen       total 75776K, used 50054K [0x00000006c0000000, 0x00000006c4a00000, 0x000000076ab00000)
  object space 75776K, 66% used [0x00000006c0000000,0x00000006c30e18d0,0x00000006c4a00000)
 Metaspace       used 24377K, capacity 24966K, committed 25088K, reserved 1071104K
  class space    used 2902K, capacity 3065K, committed 3072K, reserved 1048576K
}
Event: 67.270 GC heap before
{Heap before GC invocations=74 (full 1):
 PSYoungGen      total 205312K, used 204928K [0x000000076ab00000, 0x0000000779300000, 0x00000007c0000000)
  eden space 204800K, 100% used [0x000000076ab00000,0x0000000777300000,0x0000000777300000)
  from space 512K, 25% used [0x0000000779280000,0x00000007792a0000,0x0000000779300000)
  to   space 2560K, 0% used [0x0000000778e00000,0x0000000778e00000,0x0000000779080000)
 ParOldGen       total 75776K, used 50054K [0x00000006c0000000, 0x00000006c4a00000, 0x000000076ab00000)
  object space 75776K, 66% used [0x00000006c0000000,0x00000006c30e18d0,0x00000006c4a00000)
 Metaspace       used 24391K, capacity 24966K, committed 25088K, reserved 1071104K
  class space    used 2902K, capacity 3065K, committed 3072K, reserved 1048576K
Event: 67.271 GC heap after
Heap after GC invocations=74 (full 1):
 PSYoungGen      total 199680K, used 96K [0x000000076ab00000, 0x0000000779300000, 0x00000007c0000000)
  eden space 197120K, 0% used [0x000000076ab00000,0x000000076ab00000,0x0000000776b80000)
  from space 2560K, 3% used [0x0000000778e00000,0x0000000778e18000,0x0000000779080000)
  to   space 2048K, 0% used [0x0000000779100000,0x0000000779100000,0x0000000779300000)
 ParOldGen       total 75776K, used 50054K [0x00000006c0000000, 0x00000006c4a00000, 0x000000076ab00000)
  object space 75776K, 66% used [0x00000006c0000000,0x00000006c30e18d0,0x00000006c4a00000)
 Metaspace       used 24391K, capacity 24966K, committed 25088K, reserved 1071104K
  class space    used 2902K, capacity 3065K, committed 3072K, reserved 1048576K
}
Event: 67.460 GC heap before
{Heap before GC invocations=75 (full 1):
 PSYoungGen      total 199680K, used 197216K [0x000000076ab00000, 0x0000000779300000, 0x00000007c0000000)
  eden space 197120K, 100% used [0x000000076ab00000,0x0000000776b80000,0x0000000776b80000)
  from space 2560K, 3% used [0x0000000778e00000,0x0000000778e18000,0x0000000779080000)
  to   space 2048K, 0% used [0x0000000779100000,0x0000000779100000,0x0000000779300000)
 ParOldGen       total 75776K, used 50054K [0x00000006c0000000, 0x00000006c4a00000, 0x000000076ab00000)
  object space 75776K, 66% used [0x00000006c0000000,0x00000006c30e18d0,0x00000006c4a00000)
 Metaspace       used 24649K, capacity 25190K, committed 25472K, reserved 1071104K
  class space    used 2935K, capacity 3097K, committed 3200K, reserved 1048576K
Event: 67.461 GC heap after
Heap after GC invocations=75 (full 1):
 PSYoungGen      total 190464K, used 320K [0x000000076ab00000, 0x0000000779180000, 0x00000007c0000000)
  eden space 189952K, 0% used [0x000000076ab00000,0x000000076ab00000,0x0000000776480000)
  from space 512K, 62% used [0x0000000779100000,0x0000000779150010,0x0000000779180000)
  to   space 2048K, 0% used [0x0000000778d80000,0x0000000778d80000,0x0000000778f80000)
 ParOldGen       total 75776K, used 50054K [0x00000006c0000000, 0x00000006c4a00000, 0x000000076ab00000)
  object space 75776K, 66% used [0x00000006c0000000,0x00000006c30e18d0,0x00000006c4a00000)
 Metaspace       used 24649K, capacity 25190K, committed 25472K, reserved 1071104K
  class space    used 2935K, capacity 3097K, committed 3200K, reserved 1048576K
}

