# JRE version: Java(TM) SE Runtime Environment (8.0_65-b17) (build 1.8.0_65-b17)
# Java VM: Java HotSpot(TM) 64-Bit Server VM (25.65-b01 mixed mode bsd-amd64 compressed oops)
Heap:
 PSYoungGen      total 76288K, used 18555K [0x000000076ab00000, 0x0000000773680000, 0x00000007c0000000)
  eden space 65536K, 12% used [0x000000076ab00000,0x000000076b2cf920,0x000000076eb00000)
  from space 10752K, 98% used [0x000000076eb00000,0x000000076f54f5c0,0x000000076f580000)
  to   space 10752K, 0% used [0x0000000772c00000,0x0000000772c00000,0x0000000773680000)
 ParOldGen       total 84480K, used 9737K [0x00000006c0000000, 0x00000006c5280000, 0x000000076ab00000)
  object space 84480K, 11% used [0x00000006c0000000,0x00000006c0982468,0x00000006c5280000)
 Metaspace       used 31630K, capacity 32220K, committed 32768K, reserved 1077248K
  class space    used 3882K, capacity 4004K, committed 4096K, reserved 1048576K
GC Heap History (8 events):
Event: 14.569 GC heap before
{Heap before GC invocations=1 (full 0):
 PSYoungGen      total 76288K, used 65536K [0x000000076ab00000, 0x0000000770000000, 0x00000007c0000000)
  eden space 65536K, 100% used [0x000000076ab00000,0x000000076eb00000,0x000000076eb00000)
  from space 10752K, 0% used [0x000000076f580000,0x000000076f580000,0x0000000770000000)
  to   space 10752K, 0% used [0x000000076eb00000,0x000000076eb00000,0x000000076f580000)
 ParOldGen       total 175104K, used 0K [0x00000006c0000000, 0x00000006cab00000, 0x000000076ab00000)
  object space 175104K, 0% used [0x00000006c0000000,0x00000006c0000000,0x00000006cab00000)
 Metaspace       used 11979K, capacity 12418K, committed 12672K, reserved 1060864K
  class space    used 1418K, capacity 1554K, committed 1664K, reserved 1048576K
Event: 14.578 GC heap after
Heap after GC invocations=1 (full 0):
 PSYoungGen      total 76288K, used 9632K [0x000000076ab00000, 0x0000000770000000, 0x00000007c0000000)
  eden space 65536K, 0% used [0x000000076ab00000,0x000000076ab00000,0x000000076eb00000)
  from space 10752K, 89% used [0x000000076eb00000,0x000000076f468210,0x000000076f580000)
  to   space 10752K, 0% used [0x000000076f580000,0x000000076f580000,0x0000000770000000)
 ParOldGen       total 175104K, used 30K [0x00000006c0000000, 0x00000006cab00000, 0x000000076ab00000)
  object space 175104K, 0% used [0x00000006c0000000,0x00000006c0007bf8,0x00000006cab00000)
 Metaspace       used 11979K, capacity 12418K, committed 12672K, reserved 1060864K
  class space    used 1418K, capacity 1554K, committed 1664K, reserved 1048576K
}
Event: 14.965 GC heap before
{Heap before GC invocations=2 (full 0):
 PSYoungGen      total 76288K, used 57634K [0x000000076ab00000, 0x0000000770000000, 0x00000007c0000000)
  eden space 65536K, 73% used [0x000000076ab00000,0x000000076d9e0628,0x000000076eb00000)
  from space 10752K, 89% used [0x000000076eb00000,0x000000076f468210,0x000000076f580000)
  to   space 10752K, 0% used [0x000000076f580000,0x000000076f580000,0x0000000770000000)
 ParOldGen       total 175104K, used 30K [0x00000006c0000000, 0x00000006cab00000, 0x000000076ab00000)
  object space 175104K, 0% used [0x00000006c0000000,0x00000006c0007bf8,0x00000006cab00000)
 Metaspace       used 20604K, capacity 21088K, committed 21248K, reserved 1067008K
  class space    used 2640K, capacity 2772K, committed 2816K, reserved 1048576K
Event: 14.977 GC heap after
Heap after GC invocations=2 (full 0):
 PSYoungGen      total 76288K, used 9945K [0x000000076ab00000, 0x0000000774000000, 0x00000007c0000000)
  eden space 65536K, 0% used [0x000000076ab00000,0x000000076ab00000,0x000000076eb00000)
  from space 10752K, 92% used [0x000000076f580000,0x000000076ff367d0,0x0000000770000000)
  to   space 10752K, 0% used [0x000000076eb00000,0x000000076eb00000,0x000000076f580000)
 ParOldGen       total 175104K, used 103K [0x00000006c0000000, 0x00000006cab00000, 0x000000076ab00000)
  object space 175104K, 0% used [0x00000006c0000000,0x00000006c0019c08,0x00000006cab00000)
 Metaspace       used 20604K, capacity 21088K, committed 21248K, reserved 1067008K
  class space    used 2640K, capacity 2772K, committed 2816K, reserved 1048576K
}
Event: 14.977 GC heap before
{Heap before GC invocations=3 (full 1):
 PSYoungGen      total 76288K, used 9945K [0x000000076ab00000, 0x0000000774000000, 0x00000007c0000000)
  eden space 65536K, 0% used [0x000000076ab00000,0x000000076ab00000,0x000000076eb00000)
  from space 10752K, 92% used [0x000000076f580000,0x000000076ff367d0,0x0000000770000000)
  to   space 10752K, 0% used [0x000000076eb00000,0x000000076eb00000,0x000000076f580000)
 ParOldGen       total 175104K, used 103K [0x00000006c0000000, 0x00000006cab00000, 0x000000076ab00000)
  object space 175104K, 0% used [0x00000006c0000000,0x00000006c0019c08,0x00000006cab00000)
 Metaspace       used 20604K, capacity 21088K, committed 21248K, reserved 1067008K
  class space    used 2640K, capacity 2772K, committed 2816K, reserved 1048576K
Event: 15.010 GC heap after
Heap after GC invocations=3 (full 1):
 PSYoungGen      total 76288K, used 0K [0x000000076ab00000, 0x0000000774000000, 0x00000007c0000000)
  eden space 65536K, 0% used [0x000000076ab00000,0x000000076ab00000,0x000000076eb00000)
  from space 10752K, 0% used [0x000000076f580000,0x000000076f580000,0x0000000770000000)
  to   space 10752K, 0% used [0x000000076eb00000,0x000000076eb00000,0x000000076f580000)
 ParOldGen       total 84480K, used 9729K [0x00000006c0000000, 0x00000006c5280000, 0x000000076ab00000)
  object space 84480K, 11% used [0x00000006c0000000,0x00000006c0980468,0x00000006c5280000)
 Metaspace       used 20604K, capacity 21088K, committed 21248K, reserved 1067008K
  class space    used 2640K, capacity 2772K, committed 2816K, reserved 1048576K
}
Event: 15.812 GC heap before
{Heap before GC invocations=4 (full 1):
 PSYoungGen      total 76288K, used 65536K [0x000000076ab00000, 0x0000000774000000, 0x00000007c0000000)
  eden space 65536K, 100% used [0x000000076ab00000,0x000000076eb00000,0x000000076eb00000)
  from space 10752K, 0% used [0x000000076f580000,0x000000076f580000,0x0000000770000000)
  to   space 10752K, 0% used [0x000000076eb00000,0x000000076eb00000,0x000000076f580000)
 ParOldGen       total 84480K, used 9729K [0x00000006c0000000, 0x00000006c5280000, 0x000000076ab00000)
  object space 84480K, 11% used [0x00000006c0000000,0x00000006c0980468,0x00000006c5280000)
 Metaspace       used 30770K, capacity 31306K, committed 31616K, reserved 1077248K
  class space    used 3793K, capacity 3935K, committed 3968K, reserved 1048576K
Event: 15.819 GC heap after
Heap after GC invocations=4 (full 1):
 PSYoungGen      total 76288K, used 10557K [0x000000076ab00000, 0x0000000773680000, 0x00000007c0000000)
  eden space 65536K, 0% used [0x000000076ab00000,0x000000076ab00000,0x000000076eb00000)
  from space 10752K, 98% used [0x000000076eb00000,0x000000076f54f5c0,0x000000076f580000)
  to   space 10752K, 0% used [0x0000000772c00000,0x0000000772c00000,0x0000000773680000)
 ParOldGen       total 84480K, used 9737K [0x00000006c0000000, 0x00000006c5280000, 0x000000076ab00000)
  object space 84480K, 11% used [0x00000006c0000000,0x00000006c0982468,0x00000006c5280000)
 Metaspace       used 30770K, capacity 31306K, committed 31616K, reserved 1077248K
  class space    used 3793K, capacity 3935K, committed 3968K, reserved 1048576K
}

