# JRE version: Java(TM) SE Runtime Environment (8.0_65-b17) (build 1.8.0_65-b17)
# Java VM: Java HotSpot(TM) 64-Bit Server VM (25.65-b01 mixed mode bsd-amd64 compressed oops)
Heap:
 PSYoungGen      total 76288K, used 18295K [0x000000076ab00000, 0x0000000773580000, 0x00000007c0000000)
  eden space 65536K, 11% used [0x000000076ab00000,0x000000076b28a520,0x000000076eb00000)
  from space 10752K, 98% used [0x000000076eb00000,0x000000076f553838,0x000000076f580000)
  to   space 10752K, 0% used [0x0000000772b00000,0x0000000772b00000,0x0000000773580000)
 ParOldGen       total 84992K, used 9773K [0x00000006c0000000, 0x00000006c5300000, 0x000000076ab00000)
  object space 84992K, 11% used [0x00000006c0000000,0x00000006c098b410,0x00000006c5300000)
 Metaspace       used 31583K, capacity 32158K, committed 32512K, reserved 1077248K
  class space    used 3887K, capacity 4009K, committed 4096K, reserved 1048576K
GC Heap History (8 events):
Event: 12.848 GC heap before
{Heap before GC invocations=1 (full 0):
 PSYoungGen      total 76288K, used 65536K [0x000000076ab00000, 0x0000000770000000, 0x00000007c0000000)
  eden space 65536K, 100% used [0x000000076ab00000,0x000000076eb00000,0x000000076eb00000)
  from space 10752K, 0% used [0x000000076f580000,0x000000076f580000,0x0000000770000000)
  to   space 10752K, 0% used [0x000000076eb00000,0x000000076eb00000,0x000000076f580000)
 ParOldGen       total 175104K, used 0K [0x00000006c0000000, 0x00000006cab00000, 0x000000076ab00000)
  object space 175104K, 0% used [0x00000006c0000000,0x00000006c0000000,0x00000006cab00000)
 Metaspace       used 11975K, capacity 12420K, committed 12672K, reserved 1060864K
  class space    used 1424K, capacity 1559K, committed 1664K, reserved 1048576K
Event: 12.858 GC heap after
Heap after GC invocations=1 (full 0):
 PSYoungGen      total 76288K, used 9675K [0x000000076ab00000, 0x0000000770000000, 0x00000007c0000000)
  eden space 65536K, 0% used [0x000000076ab00000,0x000000076ab00000,0x000000076eb00000)
  from space 10752K, 89% used [0x000000076eb00000,0x000000076f472c70,0x000000076f580000)
  to   space 10752K, 0% used [0x000000076f580000,0x000000076f580000,0x0000000770000000)
 ParOldGen       total 175104K, used 30K [0x00000006c0000000, 0x00000006cab00000, 0x000000076ab00000)
  object space 175104K, 0% used [0x00000006c0000000,0x00000006c0007bf8,0x00000006cab00000)
 Metaspace       used 11975K, capacity 12420K, committed 12672K, reserved 1060864K
  class space    used 1424K, capacity 1559K, committed 1664K, reserved 1048576K
}
Event: 13.217 GC heap before
{Heap before GC invocations=2 (full 0):
 PSYoungGen      total 76288K, used 57369K [0x000000076ab00000, 0x0000000770000000, 0x00000007c0000000)
  eden space 65536K, 72% used [0x000000076ab00000,0x000000076d993a50,0x000000076eb00000)
  from space 10752K, 89% used [0x000000076eb00000,0x000000076f472c70,0x000000076f580000)
  to   space 10752K, 0% used [0x000000076f580000,0x000000076f580000,0x0000000770000000)
 ParOldGen       total 175104K, used 30K [0x00000006c0000000, 0x00000006cab00000, 0x000000076ab00000)
  object space 175104K, 0% used [0x00000006c0000000,0x00000006c0007bf8,0x00000006cab00000)
 Metaspace       used 20592K, capacity 21090K, committed 21248K, reserved 1067008K
  class space    used 2648K, capacity 2777K, committed 2816K, reserved 1048576K
Event: 13.232 GC heap after
Heap after GC invocations=2 (full 0):
 PSYoungGen      total 76288K, used 9959K [0x000000076ab00000, 0x0000000774000000, 0x00000007c0000000)
  eden space 65536K, 0% used [0x000000076ab00000,0x000000076ab00000,0x000000076eb00000)
  from space 10752K, 92% used [0x000000076f580000,0x000000076ff39e38,0x0000000770000000)
  to   space 10752K, 0% used [0x000000076eb00000,0x000000076eb00000,0x000000076f580000)
 ParOldGen       total 175104K, used 103K [0x00000006c0000000, 0x00000006cab00000, 0x000000076ab00000)
  object space 175104K, 0% used [0x00000006c0000000,0x00000006c0019c08,0x00000006cab00000)
 Metaspace       used 20592K, capacity 21090K, committed 21248K, reserved 1067008K
  class space    used 2648K, capacity 2777K, committed 2816K, reserved 1048576K
}
Event: 13.232 GC heap before
{Heap before GC invocations=3 (full 1):
 PSYoungGen      total 76288K, used 9959K [0x000000076ab00000, 0x0000000774000000, 0x00000007c0000000)
  eden space 65536K, 0% used [0x000000076ab00000,0x000000076ab00000,0x000000076eb00000)
  from space 10752K, 92% used [0x000000076f580000,0x000000076ff39e38,0x0000000770000000)
  to   space 10752K, 0% used [0x000000076eb00000,0x000000076eb00000,0x000000076f580000)
 ParOldGen       total 175104K, used 103K [0x00000006c0000000, 0x00000006cab00000, 0x000000076ab00000)
  object space 175104K, 0% used [0x00000006c0000000,0x00000006c0019c08,0x00000006cab00000)
 Metaspace       used 20592K, capacity 21090K, committed 21248K, reserved 1067008K
  class space    used 2648K, capacity 2777K, committed 2816K, reserved 1048576K
Event: 13.272 GC heap after
Heap after GC invocations=3 (full 1):
 PSYoungGen      total 76288K, used 0K [0x000000076ab00000, 0x0000000774000000, 0x00000007c0000000)
  eden space 65536K, 0% used [0x000000076ab00000,0x000000076ab00000,0x000000076eb00000)
  from space 10752K, 0% used [0x000000076f580000,0x000000076f580000,0x0000000770000000)
  to   space 10752K, 0% used [0x000000076eb00000,0x000000076eb00000,0x000000076f580000)
 ParOldGen       total 84992K, used 9765K [0x00000006c0000000, 0x00000006c5300000, 0x000000076ab00000)
  object space 84992K, 11% used [0x00000006c0000000,0x00000006c0989410,0x00000006c5300000)
 Metaspace       used 20592K, capacity 21090K, committed 21248K, reserved 1067008K
  class space    used 2648K, capacity 2777K, committed 2816K, reserved 1048576K
}
Event: 14.054 GC heap before
{Heap before GC invocations=4 (full 1):
 PSYoungGen      total 76288K, used 65536K [0x000000076ab00000, 0x0000000774000000, 0x00000007c0000000)
  eden space 65536K, 100% used [0x000000076ab00000,0x000000076eb00000,0x000000076eb00000)
  from space 10752K, 0% used [0x000000076f580000,0x000000076f580000,0x0000000770000000)
  to   space 10752K, 0% used [0x000000076eb00000,0x000000076eb00000,0x000000076f580000)
 ParOldGen       total 84992K, used 9765K [0x00000006c0000000, 0x00000006c5300000, 0x000000076ab00000)
  object space 84992K, 11% used [0x00000006c0000000,0x00000006c0989410,0x00000006c5300000)
 Metaspace       used 30730K, capacity 31308K, committed 31616K, reserved 1077248K
  class space    used 3796K, capacity 3940K, committed 3968K, reserved 1048576K
Event: 14.060 GC heap after
Heap after GC invocations=4 (full 1):
 PSYoungGen      total 76288K, used 10574K [0x000000076ab00000, 0x0000000773580000, 0x00000007c0000000)
  eden space 65536K, 0% used [0x000000076ab00000,0x000000076ab00000,0x000000076eb00000)
  from space 10752K, 98% used [0x000000076eb00000,0x000000076f553838,0x000000076f580000)
  to   space 10752K, 0% used [0x0000000772b00000,0x0000000772b00000,0x0000000773580000)
 ParOldGen       total 84992K, used 9773K [0x00000006c0000000, 0x00000006c5300000, 0x000000076ab00000)
  object space 84992K, 11% used [0x00000006c0000000,0x00000006c098b410,0x00000006c5300000)
 Metaspace       used 30730K, capacity 31308K, committed 31616K, reserved 1077248K
  class space    used 3796K, capacity 3940K, committed 3968K, reserved 1048576K
}

