# JRE version: Java(TM) SE Runtime Environment (8.0_65-b17) (build 1.8.0_65-b17)
# Java VM: Java HotSpot(TM) 64-Bit Server VM (25.65-b01 mixed mode bsd-amd64 compressed oops)
Heap:
 PSYoungGen      total 76288K, used 19728K [0x000000076ab00000, 0x0000000773300000, 0x00000007c0000000)
  eden space 65536K, 14% used [0x000000076ab00000,0x000000076b403690,0x000000076eb00000)
  from space 10752K, 97% used [0x000000076eb00000,0x000000076f540b30,0x000000076f580000)
  to   space 10752K, 0% used [0x0000000772880000,0x0000000772880000,0x0000000773300000)
 ParOldGen       total 88064K, used 9773K [0x00000006c0000000, 0x00000006c5600000, 0x000000076ab00000)
  object space 88064K, 11% used [0x00000006c0000000,0x00000006c098b730,0x00000006c5600000)
 Metaspace       used 31888K, capacity 32490K, committed 32768K, reserved 1077248K
  class space    used 3910K, capacity 4073K, committed 4096K, reserved 1048576K
GC Heap History (8 events):
Event: 12.110 GC heap before
{Heap before GC invocations=1 (full 0):
 PSYoungGen      total 76288K, used 65536K [0x000000076ab00000, 0x0000000770000000, 0x00000007c0000000)
  eden space 65536K, 100% used [0x000000076ab00000,0x000000076eb00000,0x000000076eb00000)
  from space 10752K, 0% used [0x000000076f580000,0x000000076f580000,0x0000000770000000)
  to   space 10752K, 0% used [0x000000076eb00000,0x000000076eb00000,0x000000076f580000)
 ParOldGen       total 175104K, used 0K [0x00000006c0000000, 0x00000006cab00000, 0x000000076ab00000)
  object space 175104K, 0% used [0x00000006c0000000,0x00000006c0000000,0x00000006cab00000)
 Metaspace       used 11996K, capacity 12432K, committed 12672K, reserved 1060864K
  class space    used 1424K, capacity 1559K, committed 1664K, reserved 1048576K
Event: 12.120 GC heap after
Heap after GC invocations=1 (full 0):
 PSYoungGen      total 76288K, used 9665K [0x000000076ab00000, 0x0000000770000000, 0x00000007c0000000)
  eden space 65536K, 0% used [0x000000076ab00000,0x000000076ab00000,0x000000076eb00000)
  from space 10752K, 89% used [0x000000076eb00000,0x000000076f470450,0x000000076f580000)
  to   space 10752K, 0% used [0x000000076f580000,0x000000076f580000,0x0000000770000000)
 ParOldGen       total 175104K, used 30K [0x00000006c0000000, 0x00000006cab00000, 0x000000076ab00000)
  object space 175104K, 0% used [0x00000006c0000000,0x00000006c0007bf8,0x00000006cab00000)
 Metaspace       used 11996K, capacity 12432K, committed 12672K, reserved 1060864K
  class space    used 1424K, capacity 1559K, committed 1664K, reserved 1048576K
}
Event: 12.567 GC heap before
{Heap before GC invocations=2 (full 0):
 PSYoungGen      total 76288K, used 57377K [0x000000076ab00000, 0x0000000770000000, 0x00000007c0000000)
  eden space 65536K, 72% used [0x000000076ab00000,0x000000076d998228,0x000000076eb00000)
  from space 10752K, 89% used [0x000000076eb00000,0x000000076f470450,0x000000076f580000)
  to   space 10752K, 0% used [0x000000076f580000,0x000000076f580000,0x0000000770000000)
 ParOldGen       total 175104K, used 30K [0x00000006c0000000, 0x00000006cab00000, 0x000000076ab00000)
  object space 175104K, 0% used [0x00000006c0000000,0x00000006c0007bf8,0x00000006cab00000)
 Metaspace       used 20609K, capacity 21102K, committed 21248K, reserved 1067008K
  class space    used 2648K, capacity 2777K, committed 2816K, reserved 1048576K
Event: 12.579 GC heap after
Heap after GC invocations=2 (full 0):
 PSYoungGen      total 76288K, used 9992K [0x000000076ab00000, 0x0000000774000000, 0x00000007c0000000)
  eden space 65536K, 0% used [0x000000076ab00000,0x000000076ab00000,0x000000076eb00000)
  from space 10752K, 92% used [0x000000076f580000,0x000000076ff42030,0x0000000770000000)
  to   space 10752K, 0% used [0x000000076eb00000,0x000000076eb00000,0x000000076f580000)
 ParOldGen       total 175104K, used 103K [0x00000006c0000000, 0x00000006cab00000, 0x000000076ab00000)
  object space 175104K, 0% used [0x00000006c0000000,0x00000006c0019c08,0x00000006cab00000)
 Metaspace       used 20609K, capacity 21102K, committed 21248K, reserved 1067008K
  class space    used 2648K, capacity 2777K, committed 2816K, reserved 1048576K
}
Event: 12.579 GC heap before
{Heap before GC invocations=3 (full 1):
 PSYoungGen      total 76288K, used 9992K [0x000000076ab00000, 0x0000000774000000, 0x00000007c0000000)
  eden space 65536K, 0% used [0x000000076ab00000,0x000000076ab00000,0x000000076eb00000)
  from space 10752K, 92% used [0x000000076f580000,0x000000076ff42030,0x0000000770000000)
  to   space 10752K, 0% used [0x000000076eb00000,0x000000076eb00000,0x000000076f580000)
 ParOldGen       total 175104K, used 103K [0x00000006c0000000, 0x00000006cab00000, 0x000000076ab00000)
  object space 175104K, 0% used [0x00000006c0000000,0x00000006c0019c08,0x00000006cab00000)
 Metaspace       used 20609K, capacity 21102K, committed 21248K, reserved 1067008K
  class space    used 2648K, capacity 2777K, committed 2816K, reserved 1048576K
Event: 12.614 GC heap after
Heap after GC invocations=3 (full 1):
 PSYoungGen      total 76288K, used 0K [0x000000076ab00000, 0x0000000774000000, 0x00000007c0000000)
  eden space 65536K, 0% used [0x000000076ab00000,0x000000076ab00000,0x000000076eb00000)
  from space 10752K, 0% used [0x000000076f580000,0x000000076f580000,0x0000000770000000)
  to   space 10752K, 0% used [0x000000076eb00000,0x000000076eb00000,0x000000076f580000)
 ParOldGen       total 88064K, used 9765K [0x00000006c0000000, 0x00000006c5600000, 0x000000076ab00000)
  object space 88064K, 11% used [0x00000006c0000000,0x00000006c0989730,0x00000006c5600000)
 Metaspace       used 20609K, capacity 21102K, committed 21248K, reserved 1067008K
  class space    used 2648K, capacity 2777K, committed 2816K, reserved 1048576K
}
Event: 13.574 GC heap before
{Heap before GC invocations=4 (full 1):
 PSYoungGen      total 76288K, used 65536K [0x000000076ab00000, 0x0000000774000000, 0x00000007c0000000)
  eden space 65536K, 100% used [0x000000076ab00000,0x000000076eb00000,0x000000076eb00000)
  from space 10752K, 0% used [0x000000076f580000,0x000000076f580000,0x0000000770000000)
  to   space 10752K, 0% used [0x000000076eb00000,0x000000076eb00000,0x000000076f580000)
 ParOldGen       total 88064K, used 9765K [0x00000006c0000000, 0x00000006c5600000, 0x000000076ab00000)
  object space 88064K, 11% used [0x00000006c0000000,0x00000006c0989730,0x00000006c5600000)
 Metaspace       used 30659K, capacity 31224K, committed 31616K, reserved 1077248K
  class space    used 3778K, capacity 3908K, committed 3968K, reserved 1048576K
Event: 13.582 GC heap after
Heap after GC invocations=4 (full 1):
 PSYoungGen      total 76288K, used 10498K [0x000000076ab00000, 0x0000000773300000, 0x00000007c0000000)
  eden space 65536K, 0% used [0x000000076ab00000,0x000000076ab00000,0x000000076eb00000)
  from space 10752K, 97% used [0x000000076eb00000,0x000000076f540b30,0x000000076f580000)
  to   space 10752K, 0% used [0x0000000772880000,0x0000000772880000,0x0000000773300000)
 ParOldGen       total 88064K, used 9773K [0x00000006c0000000, 0x00000006c5600000, 0x000000076ab00000)
  object space 88064K, 11% used [0x00000006c0000000,0x00000006c098b730,0x00000006c5600000)
 Metaspace       used 30659K, capacity 31224K, committed 31616K, reserved 1077248K
  class space    used 3778K, capacity 3908K, committed 3968K, reserved 1048576K
}

