# JRE version: Java(TM) SE Runtime Environment (8.0_65-b17) (build 1.8.0_65-b17)
# Java VM: Java HotSpot(TM) 64-Bit Server VM (25.65-b01 mixed mode bsd-amd64 compressed oops)
Heap:
 PSYoungGen      total 76288K, used 18491K [0x000000076ab00000, 0x0000000772c80000, 0x00000007c0000000)
  eden space 65536K, 11% used [0x000000076ab00000,0x000000076b295a50,0x000000076eb00000)
  from space 10752K, 99% used [0x000000076eb00000,0x000000076f579548,0x000000076f580000)
  to   space 10752K, 0% used [0x0000000772200000,0x0000000772200000,0x0000000772c80000)
 ParOldGen       total 93184K, used 9772K [0x00000006c0000000, 0x00000006c5b00000, 0x000000076ab00000)
  object space 93184K, 10% used [0x00000006c0000000,0x00000006c098b118,0x00000006c5b00000)
 Metaspace       used 31678K, capacity 32228K, committed 32768K, reserved 1077248K
  class space    used 3888K, capacity 4004K, committed 4096K, reserved 1048576K
GC Heap History (8 events):
Event: 11.860 GC heap before
{Heap before GC invocations=1 (full 0):
 PSYoungGen      total 76288K, used 65536K [0x000000076ab00000, 0x0000000770000000, 0x00000007c0000000)
  eden space 65536K, 100% used [0x000000076ab00000,0x000000076eb00000,0x000000076eb00000)
  from space 10752K, 0% used [0x000000076f580000,0x000000076f580000,0x0000000770000000)
  to   space 10752K, 0% used [0x000000076eb00000,0x000000076eb00000,0x000000076f580000)
 ParOldGen       total 175104K, used 0K [0x00000006c0000000, 0x00000006cab00000, 0x000000076ab00000)
  object space 175104K, 0% used [0x00000006c0000000,0x00000006c0000000,0x00000006cab00000)
 Metaspace       used 11964K, capacity 12418K, committed 12672K, reserved 1060864K
  class space    used 1418K, capacity 1554K, committed 1664K, reserved 1048576K
Event: 11.874 GC heap after
Heap after GC invocations=1 (full 0):
 PSYoungGen      total 76288K, used 9666K [0x000000076ab00000, 0x0000000770000000, 0x00000007c0000000)
  eden space 65536K, 0% used [0x000000076ab00000,0x000000076ab00000,0x000000076eb00000)
  from space 10752K, 89% used [0x000000076eb00000,0x000000076f470bf8,0x000000076f580000)
  to   space 10752K, 0% used [0x000000076f580000,0x000000076f580000,0x0000000770000000)
 ParOldGen       total 175104K, used 30K [0x00000006c0000000, 0x00000006cab00000, 0x000000076ab00000)
  object space 175104K, 0% used [0x00000006c0000000,0x00000006c0007bf8,0x00000006cab00000)
 Metaspace       used 11964K, capacity 12418K, committed 12672K, reserved 1060864K
  class space    used 1418K, capacity 1554K, committed 1664K, reserved 1048576K
}
Event: 12.909 GC heap before
{Heap before GC invocations=2 (full 0):
 PSYoungGen      total 76288K, used 57048K [0x000000076ab00000, 0x0000000770000000, 0x00000007c0000000)
  eden space 65536K, 72% used [0x000000076ab00000,0x000000076d945738,0x000000076eb00000)
  from space 10752K, 89% used [0x000000076eb00000,0x000000076f470bf8,0x000000076f580000)
  to   space 10752K, 0% used [0x000000076f580000,0x000000076f580000,0x0000000770000000)
 ParOldGen       total 175104K, used 30K [0x00000006c0000000, 0x00000006cab00000, 0x000000076ab00000)
  object space 175104K, 0% used [0x00000006c0000000,0x00000006c0007bf8,0x00000006cab00000)
 Metaspace       used 20586K, capacity 21088K, committed 21248K, reserved 1067008K
  class space    used 2645K, capacity 2772K, committed 2816K, reserved 1048576K
Event: 12.934 GC heap after
Heap after GC invocations=2 (full 0):
 PSYoungGen      total 76288K, used 9944K [0x000000076ab00000, 0x0000000774000000, 0x00000007c0000000)
  eden space 65536K, 0% used [0x000000076ab00000,0x000000076ab00000,0x000000076eb00000)
  from space 10752K, 92% used [0x000000076f580000,0x000000076ff36020,0x0000000770000000)
  to   space 10752K, 0% used [0x000000076eb00000,0x000000076eb00000,0x000000076f580000)
 ParOldGen       total 175104K, used 103K [0x00000006c0000000, 0x00000006cab00000, 0x000000076ab00000)
  object space 175104K, 0% used [0x00000006c0000000,0x00000006c0019c08,0x00000006cab00000)
 Metaspace       used 20586K, capacity 21088K, committed 21248K, reserved 1067008K
  class space    used 2645K, capacity 2772K, committed 2816K, reserved 1048576K
}
Event: 12.934 GC heap before
{Heap before GC invocations=3 (full 1):
 PSYoungGen      total 76288K, used 9944K [0x000000076ab00000, 0x0000000774000000, 0x00000007c0000000)
  eden space 65536K, 0% used [0x000000076ab00000,0x000000076ab00000,0x000000076eb00000)
  from space 10752K, 92% used [0x000000076f580000,0x000000076ff36020,0x0000000770000000)
  to   space 10752K, 0% used [0x000000076eb00000,0x000000076eb00000,0x000000076f580000)
 ParOldGen       total 175104K, used 103K [0x00000006c0000000, 0x00000006cab00000, 0x000000076ab00000)
  object space 175104K, 0% used [0x00000006c0000000,0x00000006c0019c08,0x00000006cab00000)
 Metaspace       used 20586K, capacity 21088K, committed 21248K, reserved 1067008K
  class space    used 2645K, capacity 2772K, committed 2816K, reserved 1048576K
Event: 12.990 GC heap after
Heap after GC invocations=3 (full 1):
 PSYoungGen      total 76288K, used 0K [0x000000076ab00000, 0x0000000774000000, 0x00000007c0000000)
  eden space 65536K, 0% used [0x000000076ab00000,0x000000076ab00000,0x000000076eb00000)
  from space 10752K, 0% used [0x000000076f580000,0x000000076f580000,0x0000000770000000)
  to   space 10752K, 0% used [0x000000076eb00000,0x000000076eb00000,0x000000076f580000)
 ParOldGen       total 93184K, used 9764K [0x00000006c0000000, 0x00000006c5b00000, 0x000000076ab00000)
  object space 93184K, 10% used [0x00000006c0000000,0x00000006c0989118,0x00000006c5b00000)
 Metaspace       used 20586K, capacity 21088K, committed 21248K, reserved 1067008K
  class space    used 2645K, capacity 2772K, committed 2816K, reserved 1048576K
}
Event: 15.051 GC heap before
{Heap before GC invocations=4 (full 1):
 PSYoungGen      total 76288K, used 65536K [0x000000076ab00000, 0x0000000774000000, 0x00000007c0000000)
  eden space 65536K, 100% used [0x000000076ab00000,0x000000076eb00000,0x000000076eb00000)
  from space 10752K, 0% used [0x000000076f580000,0x000000076f580000,0x0000000770000000)
  to   space 10752K, 0% used [0x000000076eb00000,0x000000076eb00000,0x000000076f580000)
 ParOldGen       total 93184K, used 9764K [0x00000006c0000000, 0x00000006c5b00000, 0x000000076ab00000)
  object space 93184K, 10% used [0x00000006c0000000,0x00000006c0989118,0x00000006c5b00000)
 Metaspace       used 30707K, capacity 31282K, committed 31616K, reserved 1077248K
  class space    used 3772K, capacity 3903K, committed 3968K, reserved 1048576K
Event: 15.060 GC heap after
Heap after GC invocations=4 (full 1):
 PSYoungGen      total 76288K, used 10725K [0x000000076ab00000, 0x0000000772c80000, 0x00000007c0000000)
  eden space 65536K, 0% used [0x000000076ab00000,0x000000076ab00000,0x000000076eb00000)
  from space 10752K, 99% used [0x000000076eb00000,0x000000076f579548,0x000000076f580000)
  to   space 10752K, 0% used [0x0000000772200000,0x0000000772200000,0x0000000772c80000)
 ParOldGen       total 93184K, used 9772K [0x00000006c0000000, 0x00000006c5b00000, 0x000000076ab00000)
  object space 93184K, 10% used [0x00000006c0000000,0x00000006c098b118,0x00000006c5b00000)
 Metaspace       used 30707K, capacity 31282K, committed 31616K, reserved 1077248K
  class space    used 3772K, capacity 3903K, committed 3968K, reserved 1048576K
}

